[debug] [2017-08-09T04:22:12.275Z] ----------------------------------------------------------------------
[debug] [2017-08-09T04:22:12.278Z] Command:       /usr/local/bin/node /usr/local/bin/firebase login
[debug] [2017-08-09T04:22:12.278Z] CLI Version:   3.9.2
[debug] [2017-08-09T04:22:12.279Z] Platform:      darwin
[debug] [2017-08-09T04:22:12.279Z] Node Version:  v6.9.1
[debug] [2017-08-09T04:22:12.279Z] Time:          Wed Aug 09 2017 09:52:12 GMT+0530 (IST)
[debug] [2017-08-09T04:22:12.279Z] ----------------------------------------------------------------------
[debug] 
[info] 
[info] Visit this URL on any device to log in:
[info] https://accounts.google.com/o/oauth2/auth?client_id=563584335869-fgrhgmd47bqnekij5i8b5pr03ho849e6.apps.googleusercontent.com&scope=email%20openid%20https%3A%2F%2Fwww.googleapis.com%2Fauth%2Fcloudplatformprojects.readonly%20https%3A%2F%2Fwww.googleapis.com%2Fauth%2Ffirebase%20https%3A%2F%2Fwww.googleapis.com%2Fauth%2Fcloud-platform&response_type=code&state=916630767&redirect_uri=http%3A%2F%2Flocalhost%3A9005
[info] 
[info] Waiting for authentication...
[debug] [2017-08-09T04:22:36.107Z] >>> HTTP REQUEST POST https://accounts.google.com/o/oauth2/token { code: '4/L4Y4Jd6RUuLeiMUVAfQ5JYQpRNvg4sL4sFe7xdy0fI0',
  client_id: '563584335869-fgrhgmd47bqnekij5i8b5pr03ho849e6.apps.googleusercontent.com',
  client_secret: 'j9iVZfS8kkCEFUPaAeJV0sAi',
  redirect_uri: 'http://localhost:9005',
  grant_type: 'authorization_code' } 
 Wed Aug 09 2017 09:52:36 GMT+0530 (IST)
[debug] [2017-08-09T04:22:37.210Z] Token Fetch Error: Error
    at Error.FirebaseError (/usr/local/lib/node_modules/firebase-tools/lib/error.js:11:17)
    at Request._callback (/usr/local/lib/node_modules/firebase-tools/lib/api.js:28:23)
    at self.callback (/usr/local/lib/node_modules/firebase-tools/node_modules/request/request.js:188:22)
    at emitOne (events.js:96:13)
    at Request.emit (events.js:188:7)
    at Request.onRequestError (/usr/local/lib/node_modules/firebase-tools/node_modules/request/request.js:884:8)
    at emitOne (events.js:96:13)
    at ClientRequest.emit (events.js:188:7)
    at TLSSocket.socketErrorListener (_http_client.js:310:9)
    at emitOne (events.js:96:13)
    at TLSSocket.emit (events.js:188:7)
    at emitErrorNT (net.js:1276:8)
    at _combinedTickCallback (internal/process/next_tick.js:74:11)
    at process._tickCallback (internal/process/next_tick.js:98:9)
[debug] [2017-08-09T04:22:56.144Z] ----------------------------------------------------------------------
[debug] [2017-08-09T04:22:56.146Z] Command:       /usr/local/bin/node /usr/local/bin/firebase login
[debug] [2017-08-09T04:22:56.146Z] CLI Version:   3.9.2
[debug] [2017-08-09T04:22:56.146Z] Platform:      darwin
[debug] [2017-08-09T04:22:56.146Z] Node Version:  v6.9.1
[debug] [2017-08-09T04:22:56.147Z] Time:          Wed Aug 09 2017 09:52:56 GMT+0530 (IST)
[debug] [2017-08-09T04:22:56.147Z] ----------------------------------------------------------------------
[debug] 
[info] 
[info] Visit this URL on any device to log in:
[info] https://accounts.google.com/o/oauth2/auth?client_id=563584335869-fgrhgmd47bqnekij5i8b5pr03ho849e6.apps.googleusercontent.com&scope=email%20openid%20https%3A%2F%2Fwww.googleapis.com%2Fauth%2Fcloudplatformprojects.readonly%20https%3A%2F%2Fwww.googleapis.com%2Fauth%2Ffirebase%20https%3A%2F%2Fwww.googleapis.com%2Fauth%2Fcloud-platform&response_type=code&state=748708671&redirect_uri=http%3A%2F%2Flocalhost%3A9005
[info] 
[info] Waiting for authentication...
[debug] [2017-08-09T04:23:05.426Z] >>> HTTP REQUEST POST https://accounts.google.com/o/oauth2/token { code: '4/JpuJyeIYMW3K-V-y1u5_SrEzPc6-WI0NQLa8tMNIJhU',
  client_id: '563584335869-fgrhgmd47bqnekij5i8b5pr03ho849e6.apps.googleusercontent.com',
  client_secret: 'j9iVZfS8kkCEFUPaAeJV0sAi',
  redirect_uri: 'http://localhost:9005',
  grant_type: 'authorization_code' } 
 Wed Aug 09 2017 09:53:05 GMT+0530 (IST)
[debug] [2017-08-09T04:23:06.622Z] Token Fetch Error: Error
    at Error.FirebaseError (/usr/local/lib/node_modules/firebase-tools/lib/error.js:11:17)
    at Request._callback (/usr/local/lib/node_modules/firebase-tools/lib/api.js:28:23)
    at self.callback (/usr/local/lib/node_modules/firebase-tools/node_modules/request/request.js:188:22)
    at emitOne (events.js:96:13)
    at Request.emit (events.js:188:7)
    at Request.onRequestError (/usr/local/lib/node_modules/firebase-tools/node_modules/request/request.js:884:8)
    at emitOne (events.js:96:13)
    at ClientRequest.emit (events.js:188:7)
    at TLSSocket.socketErrorListener (_http_client.js:310:9)
    at emitOne (events.js:96:13)
    at TLSSocket.emit (events.js:188:7)
    at emitErrorNT (net.js:1276:8)
    at _combinedTickCallback (internal/process/next_tick.js:74:11)
    at process._tickCallback (internal/process/next_tick.js:98:9)
